{
  "stats": {
    "suites": 1,
    "tests": 2,
    "passes": 2,
    "pending": 0,
    "failures": 0,
    "start": "2017-11-17T06:13:22.773Z",
    "end": "2017-11-17T06:13:22.799Z",
    "duration": 26,
    "testsRegistered": 2,
    "passPercent": 100,
    "pendingPercent": 0,
    "other": 0,
    "hasOther": false,
    "skipped": 0,
    "hasSkipped": false,
    "passPercentClass": "success",
    "pendingPercentClass": "danger"
  },
  "suites": {
    "title": "",
    "suites": [
      {
        "title": "加法函数的测试",
        "suites": [],
        "tests": [
          {
            "title": "1加1等于2",
            "fullTitle": "加法函数的测试 1加1等于2",
            "timedOut": false,
            "duration": 1,
            "state": "passed",
            "speed": "fast",
            "pass": true,
            "fail": false,
            "pending": false,
            "code": "expect(add(1,1)).to.be.equal(2);",
            "err": {},
            "isRoot": false,
            "uuid": "881d875e-5c36-4e13-a615-6bde5b7e73bf",
            "parentUUID": "7f8acd4a-f059-4002-a1a0-39cd647762f8",
            "isHook": false,
            "skipped": false
          },
          {
            "title": "任务数加0应该等于本身",
            "fullTitle": "加法函数的测试 任务数加0应该等于本身",
            "timedOut": false,
            "duration": 0,
            "state": "passed",
            "speed": "fast",
            "pass": true,
            "fail": false,
            "pending": false,
            "code": "expect(add(2,0)).to.be.equal(2);",
            "err": {},
            "isRoot": false,
            "uuid": "981ab54f-efbf-4cba-bf61-f8c259062540",
            "parentUUID": "7f8acd4a-f059-4002-a1a0-39cd647762f8",
            "isHook": false,
            "skipped": false
          }
        ],
        "pending": [],
        "root": false,
        "_timeout": 2000,
        "file": "\\test\\add.test.js",
        "uuid": "7f8acd4a-f059-4002-a1a0-39cd647762f8",
        "beforeHooks": [],
        "afterHooks": [],
        "fullFile": "E:\\2017PracticeCode\\NodejsSample\\MochaSample\\Sample002\\test\\add.test.js",
        "passes": [
          {
            "title": "1加1等于2",
            "fullTitle": "加法函数的测试 1加1等于2",
            "timedOut": false,
            "duration": 1,
            "state": "passed",
            "speed": "fast",
            "pass": true,
            "fail": false,
            "pending": false,
            "code": "expect(add(1,1)).to.be.equal(2);",
            "err": {},
            "isRoot": false,
            "uuid": "881d875e-5c36-4e13-a615-6bde5b7e73bf",
            "parentUUID": "7f8acd4a-f059-4002-a1a0-39cd647762f8",
            "isHook": false,
            "skipped": false
          },
          {
            "title": "任务数加0应该等于本身",
            "fullTitle": "加法函数的测试 任务数加0应该等于本身",
            "timedOut": false,
            "duration": 0,
            "state": "passed",
            "speed": "fast",
            "pass": true,
            "fail": false,
            "pending": false,
            "code": "expect(add(2,0)).to.be.equal(2);",
            "err": {},
            "isRoot": false,
            "uuid": "981ab54f-efbf-4cba-bf61-f8c259062540",
            "parentUUID": "7f8acd4a-f059-4002-a1a0-39cd647762f8",
            "isHook": false,
            "skipped": false
          }
        ],
        "failures": [],
        "skipped": [],
        "hasBeforeHooks": false,
        "hasAfterHooks": false,
        "hasTests": true,
        "hasSuites": false,
        "totalTests": 2,
        "totalPasses": 2,
        "totalFailures": 0,
        "totalPending": 0,
        "totalSkipped": 0,
        "hasPasses": true,
        "hasFailures": false,
        "hasPending": false,
        "hasSkipped": false,
        "duration": 1,
        "rootEmpty": false
      }
    ],
    "tests": [],
    "pending": [],
    "root": true,
    "_timeout": 2000,
    "uuid": "e2a5b2a0-5700-45db-8fbf-fb43872bfd26",
    "beforeHooks": [],
    "afterHooks": [],
    "fullFile": "",
    "file": "",
    "passes": [],
    "failures": [],
    "skipped": [],
    "hasBeforeHooks": false,
    "hasAfterHooks": false,
    "hasTests": false,
    "hasSuites": true,
    "totalTests": 0,
    "totalPasses": 0,
    "totalFailures": 0,
    "totalPending": 0,
    "totalSkipped": 0,
    "hasPasses": false,
    "hasFailures": false,
    "hasPending": false,
    "hasSkipped": false,
    "duration": 0,
    "rootEmpty": true
  },
  "allTests": [
    {
      "title": "1加1等于2",
      "fullTitle": "加法函数的测试 1加1等于2",
      "timedOut": false,
      "duration": 1,
      "state": "passed",
      "speed": "fast",
      "pass": true,
      "fail": false,
      "pending": false,
      "code": "expect(add(1,1)).to.be.equal(2);",
      "err": {},
      "isRoot": false,
      "uuid": "881d875e-5c36-4e13-a615-6bde5b7e73bf",
      "parentUUID": "7f8acd4a-f059-4002-a1a0-39cd647762f8",
      "isHook": false,
      "skipped": false
    },
    {
      "title": "任务数加0应该等于本身",
      "fullTitle": "加法函数的测试 任务数加0应该等于本身",
      "timedOut": false,
      "duration": 0,
      "state": "passed",
      "speed": "fast",
      "pass": true,
      "fail": false,
      "pending": false,
      "code": "expect(add(2,0)).to.be.equal(2);",
      "err": {},
      "isRoot": false,
      "uuid": "981ab54f-efbf-4cba-bf61-f8c259062540",
      "parentUUID": "7f8acd4a-f059-4002-a1a0-39cd647762f8",
      "isHook": false,
      "skipped": false
    }
  ],
  "allPending": [],
  "allPasses": [
    {
      "title": "1加1等于2",
      "fullTitle": "加法函数的测试 1加1等于2",
      "timedOut": false,
      "duration": 1,
      "state": "passed",
      "speed": "fast",
      "pass": true,
      "fail": false,
      "pending": false,
      "code": "expect(add(1,1)).to.be.equal(2);",
      "err": {},
      "isRoot": false,
      "uuid": "881d875e-5c36-4e13-a615-6bde5b7e73bf",
      "parentUUID": "7f8acd4a-f059-4002-a1a0-39cd647762f8",
      "isHook": false,
      "skipped": false
    },
    {
      "title": "任务数加0应该等于本身",
      "fullTitle": "加法函数的测试 任务数加0应该等于本身",
      "timedOut": false,
      "duration": 0,
      "state": "passed",
      "speed": "fast",
      "pass": true,
      "fail": false,
      "pending": false,
      "code": "expect(add(2,0)).to.be.equal(2);",
      "err": {},
      "isRoot": false,
      "uuid": "981ab54f-efbf-4cba-bf61-f8c259062540",
      "parentUUID": "7f8acd4a-f059-4002-a1a0-39cd647762f8",
      "isHook": false,
      "skipped": false
    }
  ],
  "allFailures": [],
  "copyrightYear": 2017
}